生成启动时间为 2014/12/6 星期六 21:17:37。
     1>项目“G:\Desktop\【OpenCV3 Book Project】\【1】书本正篇程序源代码\【2】第二章\【10】点追踪\10_点追踪\10_点追踪.vcxproj”在节点 2 上(build 个目标)。
     1>InitializeBuildStatus:
         正在创建“Release\10_点追踪.unsuccessfulbuild”，因为已指定“AlwaysCreate”。
       ClCompile:
         C:\Program Files (x86)\Microsoft Visual Studio 10.0\VC\bin\CL.exe /c /Zi /nologo /W3 /WX- /O2 /Oi /Oy- /GL /D WIN32 /D NDEBUG /D _CONSOLE /D _UNICODE /D UNICODE /Gm- /EHsc /MD /GS /Gy /fp:precise /Zc:wchar_t /Zc:forScope /Fo"Release\\" /Fd"Release\vc100.pdb" /Gd /TP /analyze- /errorReport:prompt 10_lkdemo.cpp
         10_lkdemo.cpp
       Link:
         C:\Program Files (x86)\Microsoft Visual Studio 10.0\VC\bin\link.exe /ERRORREPORT:PROMPT /OUT:"G:\Desktop\【OpenCV3 Book Project】\【1】书本正篇程序源代码\【2】第二章\【10】点追踪\Release\10_点追踪.exe" /INCREMENTAL:NO /NOLOGO opencv_ts300.lib opencv_world300.lib freetype250.lib glew32.lib glfw3.lib libAudio.lib libBox2D.lib libchipmunk.lib libcocos2d.lib libCocosBuilder.lib libCocosStudio.lib libcurl_imp.lib libExtensions.lib libGUI.lib libiconv.lib libjpeg.lib libLocalStorage.lib libNetwork.lib libpng.lib libSpine.lib libtiff.lib libwebp.lib libzlib.lib websockets.lib freetype244MT.lib dxerr.lib dxguid.lib d3d9.lib d3dx9.lib dinput8.lib winmm.lib kernel32.lib user32.lib gdi32.lib winspool.lib comdlg32.lib advapi32.lib shell32.lib ole32.lib oleaut32.lib uuid.lib odbc32.lib odbccp32.lib /MANIFEST /ManifestFile:"Release\10_点追踪.exe.intermediate.manifest" /MANIFESTUAC:"level='asInvoker' uiAccess='false'" /DEBUG /PDB:"G:\Desktop\【OpenCV3 Book Project】\【1】书本正篇程序源代码\【2】第二章\【10】点追踪\Release\10_点追踪.pdb" /SUBSYSTEM:CONSOLE /OPT:REF /OPT:ICF /LTCG /TLBID:1 /DYNAMICBASE /NXCOMPAT /IMPLIB:"G:\Desktop\【OpenCV3 Book Project】\【1】书本正篇程序源代码\【2】第二章\【10】点追踪\Release\10_点追踪.lib" /MACHINE:X86 Release\10_lkdemo.obj
         正在生成代码
         已完成代码的生成
         10_点追踪.vcxproj -> G:\Desktop\【OpenCV3 Book Project】\【1】书本正篇程序源代码\【2】第二章\【10】点追踪\Release\10_点追踪.exe
       Manifest:
         C:\Program Files (x86)\Microsoft SDKs\Windows\v7.0A\bin\mt.exe /nologo /verbose /out:"G:\Desktop\【OpenCV3 Book Project】\【1】书本正篇程序源代码\【2】第二章\【10】点追踪\Release\10_点追踪.exe.manifest" /manifest "Release\10_点追踪.exe.intermediate.manifest"
       FinalizeBuildStatus:
         正在删除文件“Release\10_点追踪.unsuccessfulbuild”。
         正在对“Release\10_点追踪.lastbuildstate”执行 Touch 任务。
     1>已完成生成项目“G:\Desktop\【OpenCV3 Book Project】\【1】书本正篇程序源代码\【2】第二章\【10】点追踪\10_点追踪\10_点追踪.vcxproj”(build 个目标)的操作。

生成成功。

已用时间 00:00:01.77
